  Actor.cpp
C:\Users\rshba\Desktop\Computer Science Labs and Projects\Kontagion\Kontagion\Actor.cpp(141,94): warning C4244: 'argument': conversion from 'double' to 'int', possible loss of data
C:\Users\rshba\Desktop\Computer Science Labs and Projects\Kontagion\Kontagion\Actor.cpp(141,51): warning C4244: 'argument': conversion from 'double' to 'int', possible loss of data
C:\Users\rshba\Desktop\Computer Science Labs and Projects\Kontagion\Kontagion\Actor.cpp(150,99): warning C4244: 'argument': conversion from 'double' to 'int', possible loss of data
C:\Users\rshba\Desktop\Computer Science Labs and Projects\Kontagion\Kontagion\Actor.cpp(150,45): warning C4244: 'argument': conversion from 'double' to 'int', possible loss of data
C:\Users\rshba\Desktop\Computer Science Labs and Projects\Kontagion\Kontagion\Actor.cpp(223,45): warning C4244: 'argument': conversion from 'double' to 'int', possible loss of data
C:\Users\rshba\Desktop\Computer Science Labs and Projects\Kontagion\Kontagion\Actor.cpp(223,37): warning C4244: 'argument': conversion from 'double' to 'int', possible loss of data
C:\Users\rshba\Desktop\Computer Science Labs and Projects\Kontagion\Kontagion\Actor.cpp(229,14): warning C4244: '=': conversion from 'double' to 'int', possible loss of data
C:\Users\rshba\Desktop\Computer Science Labs and Projects\Kontagion\Kontagion\Actor.cpp(231,14): warning C4244: '=': conversion from 'double' to 'int', possible loss of data
C:\Users\rshba\Desktop\Computer Science Labs and Projects\Kontagion\Kontagion\Actor.cpp(233,14): warning C4244: '=': conversion from 'double' to 'int', possible loss of data
C:\Users\rshba\Desktop\Computer Science Labs and Projects\Kontagion\Kontagion\Actor.cpp(235,14): warning C4244: '=': conversion from 'double' to 'int', possible loss of data
C:\Users\rshba\Desktop\Computer Science Labs and Projects\Kontagion\Kontagion\Actor.cpp(417,31): warning C4244: 'argument': conversion from 'double' to 'int', possible loss of data
C:\Users\rshba\Desktop\Computer Science Labs and Projects\Kontagion\Kontagion\Actor.cpp(460,54): warning C4244: 'argument': conversion from 'double' to 'int', possible loss of data
C:\Users\rshba\Desktop\Computer Science Labs and Projects\Kontagion\Kontagion\Actor.cpp(460,46): warning C4244: 'argument': conversion from 'double' to 'int', possible loss of data
C:\Users\rshba\Desktop\Computer Science Labs and Projects\Kontagion\Kontagion\Actor.cpp(466,64): warning C4244: 'argument': conversion from 'double' to 'int', possible loss of data
C:\Users\rshba\Desktop\Computer Science Labs and Projects\Kontagion\Kontagion\Actor.cpp(466,56): warning C4244: 'argument': conversion from 'double' to 'int', possible loss of data
C:\Users\rshba\Desktop\Computer Science Labs and Projects\Kontagion\Kontagion\Actor.cpp(472,49): warning C4244: 'argument': conversion from 'double' to 'int', possible loss of data
  GameController.cpp
  GameWorld.cpp
  main.cpp
  StudentWorld.cpp
C:\Users\rshba\Desktop\Computer Science Labs and Projects\Kontagion\Kontagion\Actor.cpp(472,41): warning C4244: 'argument': conversion from 'double' to 'int', possible loss of data
C:\Users\rshba\Desktop\Computer Science Labs and Projects\Kontagion\Kontagion\StudentWorld.cpp(61,63): warning C4244: 'argument': conversion from 'double' to 'int', possible loss of data
C:\Users\rshba\Desktop\Computer Science Labs and Projects\Kontagion\Kontagion\StudentWorld.cpp(66,66): warning C4244: 'argument': conversion from 'double' to 'int', possible loss of data
C:\Users\rshba\Desktop\Computer Science Labs and Projects\Kontagion\Kontagion\StudentWorld.cpp(66,60): warning C4244: 'argument': conversion from 'double' to 'int', possible loss of data
C:\Users\rshba\Desktop\Computer Science Labs and Projects\Kontagion\Kontagion\StudentWorld.cpp(120,101): warning C4244: 'argument': conversion from 'double' to 'int', possible loss of data
C:\Users\rshba\Desktop\Computer Science Labs and Projects\Kontagion\Kontagion\StudentWorld.cpp(120,86): warning C4244: 'argument': conversion from 'double' to 'int', possible loss of data
C:\Users\rshba\Desktop\Computer Science Labs and Projects\Kontagion\Kontagion\StudentWorld.cpp(120,69): warning C4244: 'argument': conversion from 'double' to 'int', possible loss of data
C:\Users\rshba\Desktop\Computer Science Labs and Projects\Kontagion\Kontagion\StudentWorld.cpp(120,54): warning C4244: 'argument': conversion from 'double' to 'int', possible loss of data
C:\Users\rshba\Desktop\Computer Science Labs and Projects\Kontagion\Kontagion\StudentWorld.cpp(121,94): warning C4244: '=': conversion from 'double' to 'Direction', possible loss of data
C:\Users\rshba\Desktop\Computer Science Labs and Projects\Kontagion\Kontagion\StudentWorld.cpp(122,90): warning C4244: 'argument': conversion from 'double' to 'int', possible loss of data
C:\Users\rshba\Desktop\Computer Science Labs and Projects\Kontagion\Kontagion\StudentWorld.cpp(122,75): warning C4244: 'argument': conversion from 'double' to 'int', possible loss of data
C:\Users\rshba\Desktop\Computer Science Labs and Projects\Kontagion\Kontagion\StudentWorld.cpp(122,58): warning C4244: 'argument': conversion from 'double' to 'int', possible loss of data
C:\Users\rshba\Desktop\Computer Science Labs and Projects\Kontagion\Kontagion\StudentWorld.cpp(122,43): warning C4244: 'argument': conversion from 'double' to 'int', possible loss of data
C:\Users\rshba\Desktop\Computer Science Labs and Projects\Kontagion\Kontagion\StudentWorld.cpp(132,86): warning C4244: 'argument': conversion from 'double' to 'int', possible loss of data
C:\Users\rshba\Desktop\Computer Science Labs and Projects\Kontagion\Kontagion\StudentWorld.cpp(132,67): warning C4244: 'argument': conversion from 'double' to 'int', possible loss of data
C:\Users\rshba\Desktop\Computer Science Labs and Projects\Kontagion\Kontagion\StudentWorld.cpp(132,50): warning C4244: 'argument': conversion from 'double' to 'int', possible loss of data
C:\Users\rshba\Desktop\Computer Science Labs and Projects\Kontagion\Kontagion\StudentWorld.cpp(132,31): warning C4244: 'argument': conversion from 'double' to 'int', possible loss of data
C:\Users\rshba\Desktop\Computer Science Labs and Projects\Kontagion\Kontagion\StudentWorld.cpp(133,101): warning C4244: '=': conversion from 'double' to 'Direction', possible loss of data
C:\Users\rshba\Desktop\Computer Science Labs and Projects\Kontagion\Kontagion\StudentWorld.cpp(144,70): warning C4244: 'argument': conversion from 'double' to 'int', possible loss of data
C:\Users\rshba\Desktop\Computer Science Labs and Projects\Kontagion\Kontagion\StudentWorld.cpp(144,27): warning C4244: 'argument': conversion from 'double' to 'int', possible loss of data
C:\Users\rshba\Desktop\Computer Science Labs and Projects\Kontagion\Kontagion\StudentWorld.cpp(153,74): warning C4244: 'argument': conversion from 'double' to 'int', possible loss of data
C:\Users\rshba\Desktop\Computer Science Labs and Projects\Kontagion\Kontagion\StudentWorld.cpp(153,31): warning C4244: 'argument': conversion from 'double' to 'int', possible loss of data
C:\Users\rshba\Desktop\Computer Science Labs and Projects\Kontagion\Kontagion\StudentWorld.cpp(156,77): warning C4244: 'argument': conversion from 'double' to 'int', possible loss of data
C:\Users\rshba\Desktop\Computer Science Labs and Projects\Kontagion\Kontagion\StudentWorld.cpp(156,34): warning C4244: 'argument': conversion from 'double' to 'int', possible loss of data
C:\Users\rshba\Desktop\Computer Science Labs and Projects\Kontagion\Kontagion\StudentWorld.cpp(159,78): warning C4244: 'argument': conversion from 'double' to 'int', possible loss of data
C:\Users\rshba\Desktop\Computer Science Labs and Projects\Kontagion\Kontagion\StudentWorld.cpp(159,35): warning C4244: 'argument': conversion from 'double' to 'int', possible loss of data
C:\Users\rshba\Desktop\Computer Science Labs and Projects\Kontagion\Kontagion\StudentWorld.cpp(184,78): warning C4244: 'argument': conversion from 'double' to 'int', possible loss of data
C:\Users\rshba\Desktop\Computer Science Labs and Projects\Kontagion\Kontagion\StudentWorld.cpp(184,34): warning C4244: 'argument': conversion from 'double' to 'int', possible loss of data
C:\Users\rshba\Desktop\Computer Science Labs and Projects\Kontagion\Kontagion\StudentWorld.cpp(195,79): warning C4244: 'argument': conversion from 'double' to 'int', possible loss of data
C:\Users\rshba\Desktop\Computer Science Labs and Projects\Kontagion\Kontagion\StudentWorld.cpp(195,35): warning C4244: 'argument': conversion from 'double' to 'int', possible loss of data
C:\Users\rshba\Desktop\Computer Science Labs and Projects\Kontagion\Kontagion\StudentWorld.cpp(206,79): warning C4244: 'argument': conversion from 'double' to 'int', possible loss of data
  Generating Code...
C:\Users\rshba\Desktop\Computer Science Labs and Projects\Kontagion\Kontagion\StudentWorld.cpp(206,35): warning C4244: 'argument': conversion from 'double' to 'int', possible loss of data
  Kontagion.vcxproj -> C:\Users\rshba\Desktop\Computer Science Labs and Projects\Kontagion\Debug\Kontagion.exe
